<?xml version="1.0" encoding="UTF-8"?>
<testng-results skipped="0" failed="0" ignored="0" total="1" passed="1">
  <reporter-output>
  </reporter-output>
  <suite name="Default suite" duration-ms="17312" started-at="2019-03-31T02:26:52Z" finished-at="2019-03-31T02:27:10Z">
    <groups>
    </groups>
    <test name="Default test" duration-ms="17312" started-at="2019-03-31T02:26:52Z" finished-at="2019-03-31T02:27:10Z">
      <class name="org.automation.seleniumJenkins.Testcase_02">
        <test-method status="PASS" signature="FBLogin()[pri:0, instance:org.automation.seleniumJenkins.Testcase_02@6d8a00e3]" name="FBLogin" duration-ms="17268" started-at="2019-03-30T21:26:52Z" finished-at="2019-03-30T21:27:10Z">
          <reporter-output>
          </reporter-output>
        </test-method> <!-- FBLogin -->
      </class> <!-- org.automation.seleniumJenkins.Testcase_02 -->
    </test> <!-- Default test -->
  </suite> <!-- Default suite -->
</testng-results>
